<?xml version="1.0" encoding="UTF-8" ?>
<testsuite tests="1" failures="0" name="org.kdiBrightness.messages.AppTest" time="0.002" errors="0" skipped="0">
  <properties>
    <property name="java.runtime.name" value="OpenJDK Runtime Environment"/>
    <property name="java.vm.version" value="11+28"/>
    <property name="sun.boot.library.path" value="C:\Program Files\Java\jdk-11\bin"/>
    <property name="maven.multiModuleProjectDirectory" value="D:\PROJETS\ISFN\CODE\tests\iso20022-messages"/>
    <property name="java.vm.vendor" value="Oracle Corporation"/>
    <property name="java.vendor.url" value="http://java.oracle.com/"/>
    <property name="guice.disable.misplaced.annotation.check" value="true"/>
    <property name="path.separator" value=";"/>
    <property name="java.vm.name" value="OpenJDK 64-Bit Server VM"/>
    <property name="sun.os.patch.level" value=""/>
    <property name="user.script" value=""/>
    <property name="user.country" value="FR"/>
    <property name="sun.java.launcher" value="SUN_STANDARD"/>
    <property name="java.vm.specification.name" value="Java Virtual Machine Specification"/>
    <property name="user.dir" value="D:\PROJETS\ISFN\CODE\tests\iso20022-messages"/>
    <property name="java.vm.compressedOopsMode" value="Zero based"/>
    <property name="java.runtime.version" value="11+28"/>
    <property name="java.awt.graphicsenv" value="sun.awt.Win32GraphicsEnvironment"/>
    <property name="os.arch" value="amd64"/>
    <property name="java.io.tmpdir" value="C:\Users\kdiop\AppData\Local\Temp\"/>
    <property name="line.separator" value="
"/>
    <property name="java.vm.specification.vendor" value="Oracle Corporation"/>
    <property name="user.variant" value=""/>
    <property name="os.name" value="Windows 10"/>
    <property name="classworlds.conf" value="D:\UTILS\apache-maven-3.6.3\bin\..\bin\m2.conf"/>
    <property name="sun.jnu.encoding" value="Cp1252"/>
    <property name="java.library.path" value="C:\Program Files\Java\jdk-11\bin;C:\WINDOWS\Sun\Java\bin;C:\WINDOWS\system32;C:\WINDOWS;C:\Ruby26-x64\bin;C:\Program Files (x86)\Common Files\Oracle\Java\javapath;C:\ProgramData\Oracle\Java\javapath;C:\Program Files (x86)\Intel\iCLS Client\;C:\Program Files\Intel\iCLS Client\;C:\WINDOWS\system32;C:\WINDOWS;C:\WINDOWS\System32\Wbem;C:\WINDOWS\System32\WindowsPowerShell\v1.0\;C:\Program Files (x86)\Intel\Intel(R) Management Engine Components\DAL;C:\Program Files\Intel\Intel(R) Management Engine Components\DAL;C:\Program Files (x86)\Intel\Intel(R) Management Engine Components\IPT;C:\Program Files\Intel\Intel(R) Management Engine Components\IPT;C:\wapt;C:\Program Files (x86)\MySQL\MySQL Fabric 1.5 &amp; MySQL Utilities 1.5\;C:\Program Files (x86)\MySQL\MySQL Fabric 1.5 &amp; MySQL Utilities 1.5\Doctrine extensions for PHP\;D:\UTILS\env_extjs\Ruby192\bin;%SENCHA_HOME%;C:\WINDOWS\System32\OpenSSH\;C:\Program Files\Intel\WiFi\bin\;C:\Program Files\Common Files\Intel\WirelessCommon\;D:\UTILS\apache-maven-3.6.3\bin;C:\xampp748\php;C:\Program Files\TortoiseGit\bin;C:\Program Files\TortoiseSVN\bin;D:\akDOCS\Liquid Technologies\Liquid Studio 2021\XmlDataBinder19\Redist19\cpp\win32\bin;D:\akDOCS\Liquid Technologies\Liquid Studio 2021\XmlDataBinder19\Redist19\cpp\win64\bin;C:\Program Files\nodejs\;C:\Users\kdiop\AppData\Roaming\npm\node_modules\@angular\cli\bin;C:\Program Files\Git\cmd;C:\Program Files\MySQL\MySQL Server 5.7\bin;C:\Program Files\Java\jdk-11;;C:\Program Files\Docker\Docker\resources\bin;C:\ProgramData\DockerDesktop\version-bin;C:\Program Files\Amazon\AWSSAMCLI\bin\;C:\Program Files\Amazon\AWSCLIV2\;C:\Users\kdiop\bin\Sencha\Cmd;C:\Program Files\ValidatorBuddy;C:\Users\kdiop\AppData\Local\Microsoft\WindowsApps;C:\Program Files (x86)\Microsoft VS Code\bin;C:\Program Files\Java\jdk1.8.0_121\bin;C:\Users\kdiop\bin\Sencha\Cmd\6.6.0.13;D:\UTILS\env_extjs\Ruby192\bin;C:\Program Files\appengine-java-sdk-1.9.71;C:\Users\kdiop\AppData\Local\Programs\Microsoft VS Code\bin;C:\Users\kdiop\AppData\Local\Programs\EmEditor;C:\Users\kdiop\AppData\Roaming\npm;."/>
    <property name="maven.conf" value="D:\UTILS\apache-maven-3.6.3\bin\../conf"/>
    <property name="jdk.debug" value="release"/>
    <property name="java.class.version" value="55.0"/>
    <property name="java.specification.name" value="Java Platform API Specification"/>
    <property name="sun.management.compiler" value="HotSpot 64-Bit Tiered Compilers"/>
    <property name="os.version" value="10.0"/>
    <property name="library.jansi.path" value="D:\UTILS\apache-maven-3.6.3\bin\..\lib\jansi-native"/>
    <property name="user.home" value="C:\Users\kdiop"/>
    <property name="user.timezone" value="UTC"/>
    <property name="java.awt.printerjob" value="sun.awt.windows.WPrinterJob"/>
    <property name="file.encoding" value="Cp1252"/>
    <property name="java.specification.version" value="11"/>
    <property name="user.name" value="kdiop"/>
    <property name="java.class.path" value="D:\UTILS\apache-maven-3.6.3\bin\..\boot\plexus-classworlds-2.6.0.jar"/>
    <property name="java.vm.specification.version" value="11"/>
    <property name="sun.arch.data.model" value="64"/>
    <property name="sun.java.command" value="org.codehaus.plexus.classworlds.launcher.Launcher install"/>
    <property name="java.home" value="C:\Program Files\Java\jdk-11"/>
    <property name="user.language" value="fr"/>
    <property name="java.specification.vendor" value="Oracle Corporation"/>
    <property name="awt.toolkit" value="sun.awt.windows.WToolkit"/>
    <property name="java.vm.info" value="mixed mode"/>
    <property name="java.version" value="11"/>
    <property name="java.vendor" value="Oracle Corporation"/>
    <property name="sun.stderr.encoding" value="cp850"/>
    <property name="maven.home" value="D:\UTILS\apache-maven-3.6.3\bin\.."/>
    <property name="file.separator" value="\"/>
    <property name="java.version.date" value="2018-09-25"/>
    <property name="java.vendor.url.bug" value="http://bugreport.java.com/bugreport/"/>
    <property name="sun.io.unicode.encoding" value="UnicodeLittle"/>
    <property name="sun.cpu.endian" value="little"/>
    <property name="java.vendor.version" value="18.9"/>
    <property name="sun.stdout.encoding" value="cp850"/>
    <property name="sun.desktop" value="windows"/>
    <property name="sun.cpu.isalist" value="amd64"/>
  </properties>
  <testcase classname="org.kdiBrightness.messages.AppTest" name="testApp" time="0.002"/>
</testsuite>